Solid Edge Translation to STL
Date: Saturday,November 14,2020 05:10PM
Source File:Part5
Source System: SOLID EDGE

Hardware:
Processor: Intel(R) Core(TM) i7-6600U CPU @ 2.60GHz
Operating System: Windows 10 Professional
Installed Memory: 7.92 GB

Software Information:
Parasolid Version: 32.1.222
PSBodyshop Version: 32.1.94
Solid Edge Version: 221.00.00.114 x64

STL Export Options:
Output File Format:BINARY
Export Displayed Parts:Off
structureOption: Monolithic
Export Units:Millimeter
Export Tolerance Value:0.001000
Export Tolerance Type:Custom
Export Surface Plane Angle Value:0.523599

Translation progress:
Phase 1 of 2 Fetching Parasolid information...
Phase 2 of 2 Translating Parasolid to foreign data types...
Number of STL file Created : 1
Translation process completed
Time required to translate:00 : 00 : 00
